WARNING: A terminally deprecated method in sun.misc.Unsafe has been called
WARNING: sun.misc.Unsafe::staticFieldBase has been called by com.google.inject.internal.aop.HiddenClassDefiner (file:/usr/local/Cellar/maven/3.9.11/libexec/lib/guice-5.1.0-classes.jar)
WARNING: Please consider reporting this to the maintainers of class com.google.inject.internal.aop.HiddenClassDefiner
WARNING: sun.misc.Unsafe::staticFieldBase will be removed in a future release
[INFO] Scanning for projects...
[INFO] 
[INFO] -----------------------< com.openlineage:server >-----------------------
[INFO] Building openlineage-server 0.0.1-SNAPSHOT
[INFO]   from pom.xml
[INFO] --------------------------------[ jar ]---------------------------------
[INFO] 
[INFO] --- resources:3.3.1:resources (default-resources) @ server ---
[INFO] Copying 1 resource from src/main/resources to target/classes
[INFO] Copying 0 resource from src/main/resources to target/classes
[INFO] 
[INFO] --- compiler:3.11.0:compile (default-compile) @ server ---
[INFO] Nothing to compile - all classes are up to date
[INFO] 
[INFO] --- resources:3.3.1:testResources (default-testResources) @ server ---
[INFO] skip non existing resourceDirectory /Users/workbarclays/Documents/olb/openlineage-mongodb/src/test/resources
[INFO] 
[INFO] --- compiler:3.11.0:testCompile (default-testCompile) @ server ---
[INFO] Nothing to compile - all classes are up to date
[INFO] 
[INFO] --- surefire:3.1.2:test (default-test) @ server ---
[INFO] Using auto detected provider org.apache.maven.surefire.junitplatform.JUnitPlatformProvider
[INFO] 
[INFO] -------------------------------------------------------
[INFO]  T E S T S
[INFO] -------------------------------------------------------
[INFO] Running com.openlineage.server.service.LineageServiceTest
[ERROR] Tests run: 2, Failures: 0, Errors: 2, Skipped: 0, Time elapsed: 0.107 s <<< FAILURE! -- in com.openlineage.server.service.LineageServiceTest
[ERROR] com.openlineage.server.service.LineageServiceTest.testAutoRegistration -- Time elapsed: 0.045 s <<< ERROR!
java.lang.Error: 
Unresolved compilation problem: 
	The constructor LineageService(LineageEventRepository, NamespaceRepository, JobRepository, DatasetRepository, RunRepository, DataSourceRepository, FacetMergeService) is undefined

	at com.openlineage.server.service.LineageServiceTest.setup(LineageServiceTest.java:50)
	at java.base/java.lang.reflect.Method.invoke(Method.java:565)
	at java.base/java.util.ArrayList.forEach(ArrayList.java:1604)
	at java.base/java.util.ArrayList.forEach(ArrayList.java:1604)

[ERROR] com.openlineage.server.service.LineageServiceTest.testBlockedNamespace -- Time elapsed: 0.003 s <<< ERROR!
java.lang.Error: 
Unresolved compilation problem: 
	The constructor LineageService(LineageEventRepository, NamespaceRepository, JobRepository, DatasetRepository, RunRepository, DataSourceRepository, FacetMergeService) is undefined

	at com.openlineage.server.service.LineageServiceTest.setup(LineageServiceTest.java:50)
	at java.base/java.lang.reflect.Method.invoke(Method.java:565)
	at java.base/java.util.ArrayList.forEach(ArrayList.java:1604)
	at java.base/java.util.ArrayList.forEach(ArrayList.java:1604)

[INFO] 
[INFO] Results:
[INFO] 
[ERROR] Errors: 
[ERROR]   LineageServiceTest.setup:50  Unresolved compilation problem: 
	The constructor LineageService(LineageEventRepository, NamespaceRepository, JobRepository, DatasetRepository, RunRepository, DataSourceRepository, FacetMergeService) is undefined

[ERROR]   LineageServiceTest.setup:50  Unresolved compilation problem: 
	The constructor LineageService(LineageEventRepository, NamespaceRepository, JobRepository, DatasetRepository, RunRepository, DataSourceRepository, FacetMergeService) is undefined

[INFO] 
[ERROR] Tests run: 2, Failures: 0, Errors: 2, Skipped: 0
[INFO] 
[INFO] ------------------------------------------------------------------------
[INFO] BUILD FAILURE
[INFO] ------------------------------------------------------------------------
[INFO] Total time:  3.156 s
[INFO] Finished at: 2026-01-08T13:18:45Z
[INFO] ------------------------------------------------------------------------
[ERROR] Failed to execute goal org.apache.maven.plugins:maven-surefire-plugin:3.1.2:test (default-test) on project server: 
[ERROR] 
[ERROR] Please refer to /Users/workbarclays/Documents/olb/openlineage-mongodb/target/surefire-reports for the individual test results.
[ERROR] Please refer to dump files (if any exist) [date].dump, [date]-jvmRun[N].dump and [date].dumpstream.
[ERROR] -> [Help 1]
[ERROR] 
[ERROR] To see the full stack trace of the errors, re-run Maven with the -e switch.
[ERROR] Re-run Maven using the -X switch to enable full debug logging.
[ERROR] 
[ERROR] For more information about the errors and possible solutions, please read the following articles:
[ERROR] [Help 1] http://cwiki.apache.org/confluence/display/MAVEN/MojoFailureException
